<?xml version="1.0" encoding="UTF-8"?>
<!-- Generated by org.testng.reporters.JUnitReportReporter -->
<testsuite hostname="AELT-MAC660.local" failures="0" tests="4" name="com.qa.web.test.JordanSubscriptionTest" time="5.855" errors="1" timestamp="2023-08-28T10:16:53 GST" skipped="3">
  <testcase classname="com.qa.web.test.JordanSubscriptionTest" name="setup" time="5.855">
    <error message="session not created: This version of ChromeDriver only supports Chrome version 114
Current browser version is 116.0.5845.110 with binary path /Applications/Google Chrome.app/Contents/MacOS/Google Chrome
Build info: version: &#039;3.141.59&#039;, revision: &#039;e82be7d358&#039;, time: &#039;2018-11-14T08:17:03&#039;
System info: host: &#039;AELT-MAC660.local&#039;, ip: &#039;fe80:0:0:0:1013:dbed:97a3:4c5d%en0&#039;, os.name: &#039;Mac OS X&#039;, os.arch: &#039;aarch64&#039;, os.version: &#039;13.4.1&#039;, java.version: &#039;11.0.20&#039;
Driver info: driver.version: ChromeDriver
remote stacktrace: 0   chromedriver                        0x000000010531f6b8 chromedriver + 4937400
1   chromedriver                        0x0000000105316b73 chromedriver + 4901747
2   chromedriver                        0x0000000104ed4616 chromedriver + 435734
3   chromedriver                        0x0000000104f06d10 chromedriver + 642320
4   chromedriver                        0x0000000104f0218a chromedriver + 622986
5   chromedriver                        0x0000000104efe67c chromedriver + 607868
6   chromedriver                        0x0000000104f45a08 chromedriver + 899592
7   chromedriver                        0x0000000104f44ebf chromedriver + 896703
8   chromedriver                        0x0000000104f3bde3 chromedriver + 859619
9   chromedriver                        0x0000000104f09d7f chromedriver + 654719
10  chromedriver                        0x0000000104f0b0de chromedriver + 659678
11  chromedriver                        0x00000001052db2ad chromedriver + 4657837
12  chromedriver                        0x00000001052e0130 chromedriver + 4677936
13  chromedriver                        0x00000001052e6def chromedriver + 4705775
14  chromedriver                        0x00000001052e105a chromedriver + 4681818
15  chromedriver                        0x00000001052b392c chromedriver + 4495660
16  chromedriver                        0x00000001052fe838 chromedriver + 4802616
17  chromedriver                        0x00000001052fe9b7 chromedriver + 4802999
18  chromedriver                        0x000000010530f99f chromedriver + 4872607
19  libsystem_pthread.dylib             0x00007ff80b1e71d3 _pthread_start + 125
20  libsystem_pthread.dylib             0x00007ff80b1e2bd3 thread_start + 15
" type="org.openqa.selenium.SessionNotCreatedException">
      <![CDATA[org.openqa.selenium.SessionNotCreatedException: session not created: This version of ChromeDriver only supports Chrome version 114
Current browser version is 116.0.5845.110 with binary path /Applications/Google Chrome.app/Contents/MacOS/Google Chrome
Build info: version: '3.141.59', revision: 'e82be7d358', time: '2018-11-14T08:17:03'
System info: host: 'AELT-MAC660.local', ip: 'fe80:0:0:0:1013:dbed:97a3:4c5d%en0', os.name: 'Mac OS X', os.arch: 'aarch64', os.version: '13.4.1', java.version: '11.0.20'
Driver info: driver.version: ChromeDriver
remote stacktrace: 0   chromedriver                        0x000000010531f6b8 chromedriver + 4937400
1   chromedriver                        0x0000000105316b73 chromedriver + 4901747
2   chromedriver                        0x0000000104ed4616 chromedriver + 435734
3   chromedriver                        0x0000000104f06d10 chromedriver + 642320
4   chromedriver                        0x0000000104f0218a chromedriver + 622986
5   chromedriver                        0x0000000104efe67c chromedriver + 607868
6   chromedriver                        0x0000000104f45a08 chromedriver + 899592
7   chromedriver                        0x0000000104f44ebf chromedriver + 896703
8   chromedriver                        0x0000000104f3bde3 chromedriver + 859619
9   chromedriver                        0x0000000104f09d7f chromedriver + 654719
10  chromedriver                        0x0000000104f0b0de chromedriver + 659678
11  chromedriver                        0x00000001052db2ad chromedriver + 4657837
12  chromedriver                        0x00000001052e0130 chromedriver + 4677936
13  chromedriver                        0x00000001052e6def chromedriver + 4705775
14  chromedriver                        0x00000001052e105a chromedriver + 4681818
15  chromedriver                        0x00000001052b392c chromedriver + 4495660
16  chromedriver                        0x00000001052fe838 chromedriver + 4802616
17  chromedriver                        0x00000001052fe9b7 chromedriver + 4802999
18  chromedriver                        0x000000010530f99f chromedriver + 4872607
19  libsystem_pthread.dylib             0x00007ff80b1e71d3 _pthread_start + 125
20  libsystem_pthread.dylib             0x00007ff80b1e2bd3 thread_start + 15

at java.base/jdk.internal.reflect.NativeConstructorAccessorImpl.newInstance0(Native Method)
at java.base/jdk.internal.reflect.NativeConstructorAccessorImpl.newInstance(NativeConstructorAccessorImpl.java:62)
at java.base/jdk.internal.reflect.DelegatingConstructorAccessorImpl.newInstance(DelegatingConstructorAccessorImpl.java:45)
at java.base/java.lang.reflect.Constructor.newInstance(Constructor.java:490)
at org.openqa.selenium.remote.W3CHandshakeResponse.lambda$errorHandler$0(W3CHandshakeResponse.java:62)
at org.openqa.selenium.remote.HandshakeResponse.lambda$getResponseFunction$0(HandshakeResponse.java:30)
at org.openqa.selenium.remote.ProtocolHandshake.lambda$createSession$0(ProtocolHandshake.java:126)
at java.base/java.util.stream.ReferencePipeline$3$1.accept(ReferencePipeline.java:195)
at java.base/java.util.Spliterators$ArraySpliterator.tryAdvance(Spliterators.java:958)
at java.base/java.util.stream.ReferencePipeline.forEachWithCancel(ReferencePipeline.java:127)
at java.base/java.util.stream.AbstractPipeline.copyIntoWithCancel(AbstractPipeline.java:502)
at java.base/java.util.stream.AbstractPipeline.copyInto(AbstractPipeline.java:488)
at java.base/java.util.stream.AbstractPipeline.wrapAndCopyInto(AbstractPipeline.java:474)
at java.base/java.util.stream.FindOps$FindOp.evaluateSequential(FindOps.java:150)
at java.base/java.util.stream.AbstractPipeline.evaluate(AbstractPipeline.java:234)
at java.base/java.util.stream.ReferencePipeline.findFirst(ReferencePipeline.java:543)
at org.openqa.selenium.remote.ProtocolHandshake.createSession(ProtocolHandshake.java:128)
at org.openqa.selenium.remote.ProtocolHandshake.createSession(ProtocolHandshake.java:74)
at org.openqa.selenium.remote.HttpCommandExecutor.execute(HttpCommandExecutor.java:136)
at org.openqa.selenium.remote.service.DriverCommandExecutor.execute(DriverCommandExecutor.java:83)
at org.openqa.selenium.remote.RemoteWebDriver.execute(RemoteWebDriver.java:552)
at org.openqa.selenium.remote.RemoteWebDriver.startSession(RemoteWebDriver.java:213)
at org.openqa.selenium.remote.RemoteWebDriver.<init>(RemoteWebDriver.java:131)
at org.openqa.selenium.chrome.ChromeDriver.<init>(ChromeDriver.java:181)
at org.openqa.selenium.chrome.ChromeDriver.<init>(ChromeDriver.java:168)
at org.openqa.selenium.chrome.ChromeDriver.<init>(ChromeDriver.java:123)
at com.qa.web.base.TestBase.Initialization(TestBase.java:62)
at com.qa.web.test.JordanSubscriptionTest.setup(JordanSubscriptionTest.java:24)
at java.base/jdk.internal.reflect.NativeMethodAccessorImpl.invoke0(Native Method)
at java.base/jdk.internal.reflect.NativeMethodAccessorImpl.invoke(NativeMethodAccessorImpl.java:62)
at java.base/jdk.internal.reflect.DelegatingMethodAccessorImpl.invoke(DelegatingMethodAccessorImpl.java:43)
at java.base/java.lang.reflect.Method.invoke(Method.java:566)
at org.testng.internal.MethodInvocationHelper.invokeMethod(MethodInvocationHelper.java:133)
at org.testng.internal.MethodInvocationHelper.invokeMethodConsideringTimeout(MethodInvocationHelper.java:62)
at org.testng.internal.ConfigInvoker.invokeConfigurationMethod(ConfigInvoker.java:385)
at org.testng.internal.ConfigInvoker.invokeConfigurations(ConfigInvoker.java:321)
at org.testng.internal.TestInvoker.runConfigMethods(TestInvoker.java:700)
at org.testng.internal.TestInvoker.invokeMethod(TestInvoker.java:527)
at org.testng.internal.TestInvoker.invokeTestMethod(TestInvoker.java:173)
at org.testng.internal.MethodRunner.runInSequence(MethodRunner.java:46)
at org.testng.internal.TestInvoker$MethodInvocationAgent.invoke(TestInvoker.java:824)
at org.testng.internal.TestInvoker.invokeTestMethods(TestInvoker.java:146)
at org.testng.internal.TestMethodWorker.invokeTestMethods(TestMethodWorker.java:146)
at org.testng.internal.TestMethodWorker.run(TestMethodWorker.java:128)
at java.base/java.util.ArrayList.forEach(ArrayList.java:1541)
at org.testng.TestRunner.privateRun(TestRunner.java:794)
at org.testng.TestRunner.run(TestRunner.java:596)
at org.testng.SuiteRunner.runTest(SuiteRunner.java:377)
at org.testng.SuiteRunner.runSequentially(SuiteRunner.java:371)
at org.testng.SuiteRunner.privateRun(SuiteRunner.java:332)
at org.testng.SuiteRunner.run(SuiteRunner.java:276)
at org.testng.SuiteRunnerWorker.runSuite(SuiteRunnerWorker.java:53)
at org.testng.SuiteRunnerWorker.run(SuiteRunnerWorker.java:96)
at org.testng.TestNG.runSuitesSequentially(TestNG.java:1212)
at org.testng.TestNG.runSuitesLocally(TestNG.java:1134)
at org.testng.TestNG.runSuites(TestNG.java:1063)
at org.testng.TestNG.run(TestNG.java:1031)
at com.intellij.rt.testng.IDEARemoteTestNG.run(IDEARemoteTestNG.java:66)
at com.intellij.rt.testng.RemoteTestNGStarter.main(RemoteTestNGStarter.java:105)
]]>
    </error>
  </testcase> <!-- setup -->
  <system-out/>
  <testcase classname="com.qa.web.test.JordanSubscriptionTest" name="jordanPremiumPackageValidation" time="0.000">
    <skipped/>
  </testcase> <!-- jordanPremiumPackageValidation -->
  <system-out/>
  <testcase classname="com.qa.web.test.JordanSubscriptionTest" name="jordanLitePackageValidation" time="0.000">
    <skipped/>
  </testcase> <!-- jordanLitePackageValidation -->
  <system-out/>
  <testcase classname="com.qa.web.test.JordanSubscriptionTest" name="jordanClassicPackageValidation" time="0.000">
    <skipped/>
  </testcase> <!-- jordanClassicPackageValidation -->
  <system-out/>
</testsuite> <!-- com.qa.web.test.JordanSubscriptionTest -->
